<?xml version="1.0" encoding="utf-8"?>
<TestRun id="cfce26b9-708f-4181-b4de-4e53cf2ef435" name="navb@NAVB4 2020-02-12 13:58:07" runUser="FAREAST\navb" xmlns="http://microsoft.com/schemas/VisualStudio/TeamTest/2010">
  <Times creation="2020-02-12T13:58:07.9973676+05:30" queuing="2020-02-12T13:58:07.9973676+05:30" start="2020-02-12T13:58:07.1041502+05:30" finish="2020-02-12T13:58:08.0243692+05:30" />
  <TestSettings name="default" id="5c267f71-263e-4474-9914-538499c930cb">
    <Deployment runDeploymentRoot="navb_NAVB4_2020-02-12_13_58_07" />
  </TestSettings>
  <Results>
    <UnitTestResult executionId="a16b05c9-8482-4dd7-93bf-566df1d9e180" testId="08c2a548-731e-d106-9ebf-119c3ab3761a" testName="Test_Add" computerName="NAVB4" duration="00:00:00.0729319" startTime="2020-02-12T13:58:07.6813677+05:30" endTime="2020-02-12T13:58:07.8054045+05:30" testType="13cdc9d9-ddb5-4fa4-a97d-d965ccfc6d4b" outcome="Failed" testListId="8c84fa94-04c1-424b-9868-57a2d4851a1d" relativeResultsDirectory="a16b05c9-8482-4dd7-93bf-566df1d9e180" resultType="DataDrivenTest">
      <InnerResults>
        <UnitTestResult executionId="548223bd-622d-400d-b4f2-43e19c5d5862" parentExecutionId="a16b05c9-8482-4dd7-93bf-566df1d9e180" testId="08c2a548-731e-d106-9ebf-119c3ab3761a" testName="Test_Add (1,1,2)" computerName="NAVB4" duration="00:00:00.0686949" startTime="2020-02-12T13:58:07.6813677+05:30" endTime="2020-02-12T13:58:07.8054045+05:30" testType="13cdc9d9-ddb5-4fa4-a97d-d965ccfc6d4b" outcome="Failed" testListId="8c84fa94-04c1-424b-9868-57a2d4851a1d" relativeResultsDirectory="548223bd-622d-400d-b4f2-43e19c5d5862" dataRowInfo="1" resultType="DataDrivenDataRow">
          <Output>
            <ErrorInfo>
              <Message>Assert.AreEqual failed. Expected:&lt;2&gt;. Actual:&lt;10&gt;. </Message>
              <StackTrace>   at UnitTestProject6.MathTests.Test_Add(Int32 a, Int32 b, Int32 expected) in C:\Users\navb\source\repos\UnitTestProject6\UnitTestProject6\UnitTest1.cs:line 16&#xD;
</StackTrace>
            </ErrorInfo>
          </Output>
        </UnitTestResult>
        <UnitTestResult executionId="430bb7f3-4996-4cca-a3e6-ec1072e9739a" parentExecutionId="a16b05c9-8482-4dd7-93bf-566df1d9e180" testId="08c2a548-731e-d106-9ebf-119c3ab3761a" testName="Test_Add (12,30,42)" computerName="NAVB4" duration="00:00:00.0005844" startTime="2020-02-12T13:58:07.6813677+05:30" endTime="2020-02-12T13:58:07.8054045+05:30" testType="13cdc9d9-ddb5-4fa4-a97d-d965ccfc6d4b" outcome="Failed" testListId="8c84fa94-04c1-424b-9868-57a2d4851a1d" relativeResultsDirectory="430bb7f3-4996-4cca-a3e6-ec1072e9739a" dataRowInfo="2" resultType="DataDrivenDataRow">
          <Output>
            <ErrorInfo>
              <Message>Assert.AreEqual failed. Expected:&lt;42&gt;. Actual:&lt;10&gt;. </Message>
              <StackTrace>   at UnitTestProject6.MathTests.Test_Add(Int32 a, Int32 b, Int32 expected) in C:\Users\navb\source\repos\UnitTestProject6\UnitTestProject6\UnitTest1.cs:line 16&#xD;
</StackTrace>
            </ErrorInfo>
          </Output>
        </UnitTestResult>
        <UnitTestResult executionId="623f9619-a4e4-45dd-9ea1-133f13ed1e64" parentExecutionId="a16b05c9-8482-4dd7-93bf-566df1d9e180" testId="08c2a548-731e-d106-9ebf-119c3ab3761a" testName="Test_Add (14,1,15)" computerName="NAVB4" duration="00:00:00.0004856" startTime="2020-02-12T13:58:07.6813677+05:30" endTime="2020-02-12T13:58:07.8054045+05:30" testType="13cdc9d9-ddb5-4fa4-a97d-d965ccfc6d4b" outcome="Failed" testListId="8c84fa94-04c1-424b-9868-57a2d4851a1d" relativeResultsDirectory="623f9619-a4e4-45dd-9ea1-133f13ed1e64" dataRowInfo="3" resultType="DataDrivenDataRow">
          <Output>
            <ErrorInfo>
              <Message>Assert.AreEqual failed. Expected:&lt;15&gt;. Actual:&lt;10&gt;. </Message>
              <StackTrace>   at UnitTestProject6.MathTests.Test_Add(Int32 a, Int32 b, Int32 expected) in C:\Users\navb\source\repos\UnitTestProject6\UnitTestProject6\UnitTest1.cs:line 16&#xD;
</StackTrace>
            </ErrorInfo>
          </Output>
        </UnitTestResult>
      </InnerResults>
    </UnitTestResult>
  </Results>
  <TestDefinitions>
    <UnitTest name="Test_Add" storage="c:\users\navb\source\repos\unittestproject6\unittestproject6\bin\debug\unittestproject6.dll" id="08c2a548-731e-d106-9ebf-119c3ab3761a">
      <Execution id="a16b05c9-8482-4dd7-93bf-566df1d9e180" />
      <TestMethod codeBase="C:\Users\navb\source\repos\UnitTestProject6\UnitTestProject6\bin\Debug\UnitTestProject6.dll" adapterTypeName="executor://mstestadapter/v2" className="UnitTestProject6.MathTests" name="Test_Add" />
    </UnitTest>
  </TestDefinitions>
  <TestEntries>
    <TestEntry testId="08c2a548-731e-d106-9ebf-119c3ab3761a" executionId="a16b05c9-8482-4dd7-93bf-566df1d9e180" testListId="8c84fa94-04c1-424b-9868-57a2d4851a1d" />
  </TestEntries>
  <TestLists>
    <TestList name="Results Not in a List" id="8c84fa94-04c1-424b-9868-57a2d4851a1d" />
    <TestList name="All Loaded Results" id="19431567-8539-422a-85d7-44ee4e166bda" />
  </TestLists>
  <ResultSummary outcome="Failed">
    <Counters total="4" executed="4" passed="0" failed="4" error="0" timeout="0" aborted="0" inconclusive="0" passedButRunAborted="0" notRunnable="0" notExecuted="0" disconnected="0" warning="0" completed="0" inProgress="0" pending="0" />
  </ResultSummary>
</TestRun>