<?xml version="1.0" encoding="utf-8"?>
<test-run name="TEST-RESULTS.xml" total="135" passed="135" failed="0" result="passed" run-date="2020-06-03" start-time="2020-06-03T23:41:48.SSSZ" end-time="2020-06-04T00:31:33.SSSZ">
  <test-suite type="Assembly" name="">
    <test-case id="1" name="default_sanity_regr/GFT_Top_sanity_regr/GFT_PP_Shell_sanity_regr/preScript" fullname=".default_sanity_regr/GFT_Top_sanity_regr/GFT_PP_Shell_sanity_regr/preScript" result="passed" time="60" start-time="23:41:48" end-time="23:42:48">
      <output />
    </test-case>
    <test-case id="2" name="default_sanity_regr/GFT_Top_sanity_regr/GFT_PP_Shell_sanity_regr/GFT_PP_Shell_base_test/execScript" fullname=".default_sanity_regr/GFT_Top_sanity_regr/GFT_PP_Shell_sanity_regr/GFT_PP_Shell_base_test/execScript" result="passed" time="30" start-time="00:04:07" end-time="00:04:37">
      <output />
    </test-case>
    <test-case id="3" name="default_sanity_regr/GFT_Top_sanity_regr/GFT_PP_Shell_sanity_regr/postScript" fullname=".default_sanity_regr/GFT_Top_sanity_regr/GFT_PP_Shell_sanity_regr/postScript" result="passed" time="2" start-time="00:28:35" end-time="00:28:37">
      <output />
    </test-case>
    <test-case id="4" name="default_sanity_regr/Cascade_Top_sanity_regr/FM_Shell_sanity_regr/preScript" fullname=".default_sanity_regr/Cascade_Top_sanity_regr/FM_Shell_sanity_regr/preScript" result="passed" time="1170" start-time="23:41:48" end-time="00:01:18">
      <output />
    </test-case>
    <test-case id="5" name="default_sanity_regr/Cascade_Top_sanity_regr/FM_Shell_sanity_regr/FM_Shell_base_test/execScript" fullname=".default_sanity_regr/Cascade_Top_sanity_regr/FM_Shell_sanity_regr/FM_Shell_base_test/execScript" result="passed" time="27" start-time="00:24:47" end-time="00:25:14">
      <output />
    </test-case>
    <test-case id="6" name="default_sanity_regr/Cascade_Top_sanity_regr/FM_Shell_sanity_regr/postScript" fullname=".default_sanity_regr/Cascade_Top_sanity_regr/FM_Shell_sanity_regr/postScript" result="passed" time="2" start-time="00:30:00" end-time="00:30:02">
      <output />
    </test-case>
    <test-case id="7" name="default_sanity_regr/Bedrock_Top_sanity_regr/RegisterIfcArbiterSyncPipelined_sanity_regr/RegisterIfcArbiterSyncPipelined_read_tags_regr/preScript" fullname=".default_sanity_regr/Bedrock_Top_sanity_regr/RegisterIfcArbiterSyncPipelined_sanity_regr/RegisterIfcArbiterSyncPipelined_read_tags_regr/preScript" result="passed" time="21" start-time="23:58:44" end-time="23:59:05">
      <output />
    </test-case>
    <test-case id="8" name="default_sanity_regr/Bedrock_Top_sanity_regr/RegisterIfcArbiterSyncPipelined_sanity_regr/RegisterIfcArbiterSyncPipelined_read_tags_regr/RegisterIfcArbiterSyncPipelined_slave_delay_test/execScript" fullname=".default_sanity_regr/Bedrock_Top_sanity_regr/RegisterIfcArbiterSyncPipelined_sanity_regr/RegisterIfcArbiterSyncPipelined_read_tags_regr/RegisterIfcArbiterSyncPipelined_slave_delay_test/execScript" result="passed" time="356" start-time="00:16:14" end-time="00:22:10">
      <output />
    </test-case>
    <test-case id="9" name="default_sanity_regr/Bedrock_Top_sanity_regr/RegisterIfcArbiterSyncPipelined_sanity_regr/RegisterIfcArbiterSyncPipelined_read_tags_regr/RegisterIfcArbiterSyncPipelined_zero_delay_test/execScript" fullname=".default_sanity_regr/Bedrock_Top_sanity_regr/RegisterIfcArbiterSyncPipelined_sanity_regr/RegisterIfcArbiterSyncPipelined_read_tags_regr/RegisterIfcArbiterSyncPipelined_zero_delay_test/execScript" result="passed" time="198" start-time="00:18:35" end-time="00:21:53">
      <output />
    </test-case>
    <test-case id="10" name="default_sanity_regr/Bedrock_Top_sanity_regr/RegisterIfcArbiterSyncPipelined_sanity_regr/RegisterIfcArbiterSyncPipelined_read_tags_regr/postScript" fullname=".default_sanity_regr/Bedrock_Top_sanity_regr/RegisterIfcArbiterSyncPipelined_sanity_regr/RegisterIfcArbiterSyncPipelined_read_tags_regr/postScript" result="passed" time="2" start-time="00:29:48" end-time="00:29:50">
      <output />
    </test-case>
    <test-case id="11" name="default_sanity_regr/Bedrock_Top_sanity_regr/RegisterIfcArbiterSyncPipelined_sanity_regr/RegisterIfcArbiterSyncPipelined_no_tags_regr_regr/preScript" fullname=".default_sanity_regr/Bedrock_Top_sanity_regr/RegisterIfcArbiterSyncPipelined_sanity_regr/RegisterIfcArbiterSyncPipelined_no_tags_regr_regr/preScript" result="passed" time="22" start-time="23:59:03" end-time="23:59:25">
      <output />
    </test-case>
    <test-case id="12" name="default_sanity_regr/Bedrock_Top_sanity_regr/RegisterIfcArbiterSyncPipelined_sanity_regr/RegisterIfcArbiterSyncPipelined_no_tags_regr_regr/RegisterIfcArbiterSyncPipelined_slave_delay_test/execScript" fullname=".default_sanity_regr/Bedrock_Top_sanity_regr/RegisterIfcArbiterSyncPipelined_sanity_regr/RegisterIfcArbiterSyncPipelined_no_tags_regr_regr/RegisterIfcArbiterSyncPipelined_slave_delay_test/execScript" result="passed" time="323" start-time="00:19:37" end-time="00:25:00">
      <output />
    </test-case>
    <test-case id="13" name="default_sanity_regr/Bedrock_Top_sanity_regr/RegisterIfcArbiterSyncPipelined_sanity_regr/RegisterIfcArbiterSyncPipelined_no_tags_regr_regr/RegisterIfcArbiterSyncPipelined_zero_delay_test/execScript" fullname=".default_sanity_regr/Bedrock_Top_sanity_regr/RegisterIfcArbiterSyncPipelined_sanity_regr/RegisterIfcArbiterSyncPipelined_no_tags_regr_regr/RegisterIfcArbiterSyncPipelined_zero_delay_test/execScript" result="passed" time="183" start-time="00:19:45" end-time="00:22:48">
      <output />
    </test-case>
    <test-case id="14" name="default_sanity_regr/Bedrock_Top_sanity_regr/RegisterIfcArbiterSyncPipelined_sanity_regr/RegisterIfcArbiterSyncPipelined_no_tags_regr_regr/postScript" fullname=".default_sanity_regr/Bedrock_Top_sanity_regr/RegisterIfcArbiterSyncPipelined_sanity_regr/RegisterIfcArbiterSyncPipelined_no_tags_regr_regr/postScript" result="passed" time="2" start-time="00:29:56" end-time="00:29:58">
      <output />
    </test-case>
    <test-case id="15" name="default_sanity_regr/Bedrock_Top_sanity_regr/RegisterIfcArbiterSyncPipelined_sanity_regr/postScript" fullname=".default_sanity_regr/Bedrock_Top_sanity_regr/RegisterIfcArbiterSyncPipelined_sanity_regr/postScript" result="passed" time="2" start-time="00:30:05" end-time="00:30:07">
      <output />
    </test-case>
    <test-case id="16" name="default_sanity_regr/Bedrock_Top_sanity_regr/ShellRegsCSR_sanity_regr/preScript" fullname=".default_sanity_regr/Bedrock_Top_sanity_regr/ShellRegsCSR_sanity_regr/preScript" result="passed" time="22" start-time="23:41:48" end-time="23:42:10">
      <output />
    </test-case>
    <test-case id="17" name="default_sanity_regr/Bedrock_Top_sanity_regr/ShellRegsCSR_sanity_regr/ShellRegsCSR_client0_reg_test/execScript" fullname=".default_sanity_regr/Bedrock_Top_sanity_regr/ShellRegsCSR_sanity_regr/ShellRegsCSR_client0_reg_test/execScript" result="passed" time="97" start-time="00:01:56" end-time="00:03:33">
      <output />
    </test-case>
    <test-case id="18" name="default_sanity_regr/Bedrock_Top_sanity_regr/ShellRegsCSR_sanity_regr/ShellRegsCSR_client1_reg_test/execScript" fullname=".default_sanity_regr/Bedrock_Top_sanity_regr/ShellRegsCSR_sanity_regr/ShellRegsCSR_client1_reg_test/execScript" result="passed" time="101" start-time="00:01:58" end-time="00:03:39">
      <output />
    </test-case>
    <test-case id="19" name="default_sanity_regr/Bedrock_Top_sanity_regr/ShellRegsCSR_sanity_regr/ShellRegsCSR_client2_reg_test/execScript" fullname=".default_sanity_regr/Bedrock_Top_sanity_regr/ShellRegsCSR_sanity_regr/ShellRegsCSR_client2_reg_test/execScript" result="passed" time="102" start-time="00:02:25" end-time="00:04:07">
      <output />
    </test-case>
    <test-case id="20" name="default_sanity_regr/Bedrock_Top_sanity_regr/ShellRegsCSR_sanity_regr/ShellRegsCSR_client3_reg_test/execScript" fullname=".default_sanity_regr/Bedrock_Top_sanity_regr/ShellRegsCSR_sanity_regr/ShellRegsCSR_client3_reg_test/execScript" result="passed" time="77" start-time="00:03:34" end-time="00:04:51">
      <output />
    </test-case>
    <test-case id="21" name="default_sanity_regr/Bedrock_Top_sanity_regr/ShellRegsCSR_sanity_regr/ShellRegsCSR_client4_reg_test/execScript" fullname=".default_sanity_regr/Bedrock_Top_sanity_regr/ShellRegsCSR_sanity_regr/ShellRegsCSR_client4_reg_test/execScript" result="passed" time="82" start-time="00:03:39" end-time="00:05:01">
      <output />
    </test-case>
    <test-case id="22" name="default_sanity_regr/Bedrock_Top_sanity_regr/ShellRegsCSR_sanity_regr/postScript" fullname=".default_sanity_regr/Bedrock_Top_sanity_regr/ShellRegsCSR_sanity_regr/postScript" result="passed" time="2" start-time="00:28:38" end-time="00:28:40">
      <output />
    </test-case>
    <test-case id="23" name="default_sanity_regr/Bedrock_Top_sanity_regr/CP_Shell_v2_sanity_regr/preScript" fullname=".default_sanity_regr/Bedrock_Top_sanity_regr/CP_Shell_v2_sanity_regr/preScript" result="passed" time="821" start-time="23:41:48" end-time="23:55:29">
      <output />
    </test-case>
    <test-case id="24" name="default_sanity_regr/Bedrock_Top_sanity_regr/CP_Shell_v2_sanity_regr/CP_Shell_v2_pcie_ext_task_test/execScript" fullname=".default_sanity_regr/Bedrock_Top_sanity_regr/CP_Shell_v2_sanity_regr/CP_Shell_v2_pcie_ext_task_test/execScript" result="passed" time="46" start-time="00:07:27" end-time="00:08:13">
      <output />
    </test-case>
    <test-case id="25" name="default_sanity_regr/Bedrock_Top_sanity_regr/CP_Shell_v2_sanity_regr/CP_Shell_v2_pcie_reg_driver_test/execScript" fullname=".default_sanity_regr/Bedrock_Top_sanity_regr/CP_Shell_v2_sanity_regr/CP_Shell_v2_pcie_reg_driver_test/execScript" result="passed" time="44" start-time="00:07:34" end-time="00:08:18">
      <output />
    </test-case>
    <test-case id="26" name="default_sanity_regr/Bedrock_Top_sanity_regr/CP_Shell_v2_sanity_regr/postScript" fullname=".default_sanity_regr/Bedrock_Top_sanity_regr/CP_Shell_v2_sanity_regr/postScript" result="passed" time="3" start-time="00:28:44" end-time="00:28:47">
      <output />
    </test-case>
    <test-case id="27" name="default_sanity_regr/Bedrock_Top_sanity_regr/CP_Shell_SPB_sanity_regr/preScript" fullname=".default_sanity_regr/Bedrock_Top_sanity_regr/CP_Shell_SPB_sanity_regr/preScript" result="passed" time="840" start-time="23:42:11" end-time="23:56:11">
      <output />
    </test-case>
    <test-case id="28" name="default_sanity_regr/Bedrock_Top_sanity_regr/CP_Shell_SPB_sanity_regr/CP_Shell_SPB_fast_background_traffic_test/execScript" fullname=".default_sanity_regr/Bedrock_Top_sanity_regr/CP_Shell_SPB_sanity_regr/CP_Shell_SPB_fast_background_traffic_test/execScript" result="passed" time="238" start-time="00:07:52" end-time="00:11:50">
      <output />
    </test-case>
    <test-case id="29" name="default_sanity_regr/Bedrock_Top_sanity_regr/CP_Shell_SPB_sanity_regr/CP_Shell_SPB_Slot_DMA_test/execScript" fullname=".default_sanity_regr/Bedrock_Top_sanity_regr/CP_Shell_SPB_sanity_regr/CP_Shell_SPB_Slot_DMA_test/execScript" result="passed" time="247" start-time="00:08:14" end-time="00:12:21">
      <output />
    </test-case>
    <test-case id="30" name="default_sanity_regr/Bedrock_Top_sanity_regr/CP_Shell_SPB_sanity_regr/CP_Shell_SPB_reset_reg_test_hip0/execScript" fullname=".default_sanity_regr/Bedrock_Top_sanity_regr/CP_Shell_SPB_sanity_regr/CP_Shell_SPB_reset_reg_test_hip0/execScript" result="passed" time="29" start-time="00:08:19" end-time="00:08:48">
      <output />
    </test-case>
    <test-case id="31" name="default_sanity_regr/Bedrock_Top_sanity_regr/CP_Shell_SPB_sanity_regr/CP_Shell_SPB_short_reg_test_hip1/execScript" fullname=".default_sanity_regr/Bedrock_Top_sanity_regr/CP_Shell_SPB_sanity_regr/CP_Shell_SPB_short_reg_test_hip1/execScript" result="passed" time="89" start-time="00:08:49" end-time="00:10:18">
      <output />
    </test-case>
    <test-case id="32" name="default_sanity_regr/Bedrock_Top_sanity_regr/CP_Shell_SPB_sanity_regr/CP_Shell_SPB_Slot_DMA_reset_reg_test_hip1/execScript" fullname=".default_sanity_regr/Bedrock_Top_sanity_regr/CP_Shell_SPB_sanity_regr/CP_Shell_SPB_Slot_DMA_reset_reg_test_hip1/execScript" result="passed" time="58" start-time="00:10:19" end-time="00:11:17">
      <output />
    </test-case>
    <test-case id="33" name="default_sanity_regr/Bedrock_Top_sanity_regr/CP_Shell_SPB_sanity_regr/CP_Shell_SPB_Slot_DMA_short_reg_test_hip0/execScript" fullname=".default_sanity_regr/Bedrock_Top_sanity_regr/CP_Shell_SPB_sanity_regr/CP_Shell_SPB_Slot_DMA_short_reg_test_hip0/execScript" result="passed" time="23" start-time="00:11:18" end-time="00:11:41">
      <output />
    </test-case>
    <test-case id="34" name="default_sanity_regr/Bedrock_Top_sanity_regr/CP_Shell_SPB_sanity_regr/postScript" fullname=".default_sanity_regr/Bedrock_Top_sanity_regr/CP_Shell_SPB_sanity_regr/postScript" result="passed" time="2" start-time="00:29:42" end-time="00:29:44">
      <output />
    </test-case>
    <test-case id="35" name="default_sanity_regr/Bedrock_Top_sanity_regr/SPB_Top_sanity_regr/SPB_Top_one_client_x8_p_tile_regr/preScript" fullname=".default_sanity_regr/Bedrock_Top_sanity_regr/SPB_Top_sanity_regr/SPB_Top_one_client_x8_p_tile_regr/preScript" result="passed" time="37" start-time="23:59:05" end-time="23:59:42">
      <output />
    </test-case>
    <test-case id="36" name="default_sanity_regr/Bedrock_Top_sanity_regr/SPB_Top_sanity_regr/SPB_Top_one_client_x8_p_tile_regr/SPB_Top_example_derived_test/execScript" fullname=".default_sanity_regr/Bedrock_Top_sanity_regr/SPB_Top_sanity_regr/SPB_Top_one_client_x8_p_tile_regr/SPB_Top_example_derived_test/execScript" result="passed" time="28" start-time="00:21:53" end-time="00:22:21">
      <output />
    </test-case>
    <test-case id="37" name="default_sanity_regr/Bedrock_Top_sanity_regr/SPB_Top_sanity_regr/SPB_Top_one_client_x8_p_tile_regr/SPB_Top_write_wait_test/execScript" fullname=".default_sanity_regr/Bedrock_Top_sanity_regr/SPB_Top_sanity_regr/SPB_Top_one_client_x8_p_tile_regr/SPB_Top_write_wait_test/execScript" result="passed" time="27" start-time="00:22:11" end-time="00:22:38">
      <output />
    </test-case>
    <test-case id="38" name="default_sanity_regr/Bedrock_Top_sanity_regr/SPB_Top_sanity_regr/SPB_Top_one_client_x8_p_tile_regr/SPB_Top_example_derived_test_zero_wait/execScript" fullname=".default_sanity_regr/Bedrock_Top_sanity_regr/SPB_Top_sanity_regr/SPB_Top_one_client_x8_p_tile_regr/SPB_Top_example_derived_test_zero_wait/execScript" result="passed" time="23" start-time="00:22:22" end-time="00:22:45">
      <output />
    </test-case>
    <test-case id="39" name="default_sanity_regr/Bedrock_Top_sanity_regr/SPB_Top_sanity_regr/SPB_Top_one_client_x8_p_tile_regr/SPB_Top_write_wait_test_zero_wait/execScript" fullname=".default_sanity_regr/Bedrock_Top_sanity_regr/SPB_Top_sanity_regr/SPB_Top_one_client_x8_p_tile_regr/SPB_Top_write_wait_test_zero_wait/execScript" result="passed" time="22" start-time="00:22:38" end-time="00:23:00">
      <output />
    </test-case>
    <test-case id="40" name="default_sanity_regr/Bedrock_Top_sanity_regr/SPB_Top_sanity_regr/SPB_Top_one_client_x8_p_tile_regr/postScript" fullname=".default_sanity_regr/Bedrock_Top_sanity_regr/SPB_Top_sanity_regr/SPB_Top_one_client_x8_p_tile_regr/postScript" result="passed" time="3" start-time="00:29:50" end-time="00:29:53">
      <output />
    </test-case>
    <test-case id="41" name="default_sanity_regr/Bedrock_Top_sanity_regr/SPB_Top_sanity_regr/SPB_Top_one_client_x16_p_tile_regr/preScript" fullname=".default_sanity_regr/Bedrock_Top_sanity_regr/SPB_Top_sanity_regr/SPB_Top_one_client_x16_p_tile_regr/preScript" result="passed" time="42" start-time="23:59:25" end-time="00:00:07">
      <output />
    </test-case>
    <test-case id="42" name="default_sanity_regr/Bedrock_Top_sanity_regr/SPB_Top_sanity_regr/SPB_Top_one_client_x16_p_tile_regr/SPB_Top_example_derived_test/execScript" fullname=".default_sanity_regr/Bedrock_Top_sanity_regr/SPB_Top_sanity_regr/SPB_Top_one_client_x16_p_tile_regr/SPB_Top_example_derived_test/execScript" result="passed" time="26" start-time="00:22:45" end-time="00:23:11">
      <output />
    </test-case>
    <test-case id="43" name="default_sanity_regr/Bedrock_Top_sanity_regr/SPB_Top_sanity_regr/SPB_Top_one_client_x16_p_tile_regr/SPB_Top_write_wait_test/execScript" fullname=".default_sanity_regr/Bedrock_Top_sanity_regr/SPB_Top_sanity_regr/SPB_Top_one_client_x16_p_tile_regr/SPB_Top_write_wait_test/execScript" result="passed" time="28" start-time="00:22:48" end-time="00:23:16">
      <output />
    </test-case>
    <test-case id="44" name="default_sanity_regr/Bedrock_Top_sanity_regr/SPB_Top_sanity_regr/SPB_Top_one_client_x16_p_tile_regr/SPB_Top_example_derived_test_zero_wait/execScript" fullname=".default_sanity_regr/Bedrock_Top_sanity_regr/SPB_Top_sanity_regr/SPB_Top_one_client_x16_p_tile_regr/SPB_Top_example_derived_test_zero_wait/execScript" result="passed" time="20" start-time="00:23:00" end-time="00:23:20">
      <output />
    </test-case>
    <test-case id="45" name="default_sanity_regr/Bedrock_Top_sanity_regr/SPB_Top_sanity_regr/SPB_Top_one_client_x16_p_tile_regr/SPB_Top_write_wait_test_zero_wait/execScript" fullname=".default_sanity_regr/Bedrock_Top_sanity_regr/SPB_Top_sanity_regr/SPB_Top_one_client_x16_p_tile_regr/SPB_Top_write_wait_test_zero_wait/execScript" result="passed" time="24" start-time="00:23:11" end-time="00:23:35">
      <output />
    </test-case>
    <test-case id="46" name="default_sanity_regr/Bedrock_Top_sanity_regr/SPB_Top_sanity_regr/SPB_Top_one_client_x16_p_tile_regr/postScript" fullname=".default_sanity_regr/Bedrock_Top_sanity_regr/SPB_Top_sanity_regr/SPB_Top_one_client_x16_p_tile_regr/postScript" result="passed" time="2" start-time="00:29:51" end-time="00:29:53">
      <output />
    </test-case>
    <test-case id="47" name="default_sanity_regr/Bedrock_Top_sanity_regr/SPB_Top_sanity_regr/SPB_Top_one_client_x8_h_tile_regr/preScript" fullname=".default_sanity_regr/Bedrock_Top_sanity_regr/SPB_Top_sanity_regr/SPB_Top_one_client_x8_h_tile_regr/preScript" result="passed" time="40" start-time="23:59:42" end-time="00:00:22">
      <output />
    </test-case>
    <test-case id="48" name="default_sanity_regr/Bedrock_Top_sanity_regr/SPB_Top_sanity_regr/SPB_Top_one_client_x8_h_tile_regr/SPB_Top_example_derived_test/execScript" fullname=".default_sanity_regr/Bedrock_Top_sanity_regr/SPB_Top_sanity_regr/SPB_Top_one_client_x8_h_tile_regr/SPB_Top_example_derived_test/execScript" result="passed" time="31" start-time="00:23:16" end-time="00:23:47">
      <output />
    </test-case>
    <test-case id="49" name="default_sanity_regr/Bedrock_Top_sanity_regr/SPB_Top_sanity_regr/SPB_Top_one_client_x8_h_tile_regr/SPB_Top_write_wait_test/execScript" fullname=".default_sanity_regr/Bedrock_Top_sanity_regr/SPB_Top_sanity_regr/SPB_Top_one_client_x8_h_tile_regr/SPB_Top_write_wait_test/execScript" result="passed" time="31" start-time="00:23:21" end-time="00:23:52">
      <output />
    </test-case>
    <test-case id="50" name="default_sanity_regr/Bedrock_Top_sanity_regr/SPB_Top_sanity_regr/SPB_Top_one_client_x8_h_tile_regr/SPB_Top_example_derived_test_zero_wait/execScript" fullname=".default_sanity_regr/Bedrock_Top_sanity_regr/SPB_Top_sanity_regr/SPB_Top_one_client_x8_h_tile_regr/SPB_Top_example_derived_test_zero_wait/execScript" result="passed" time="28" start-time="00:23:36" end-time="00:24:04">
      <output />
    </test-case>
    <test-case id="51" name="default_sanity_regr/Bedrock_Top_sanity_regr/SPB_Top_sanity_regr/SPB_Top_one_client_x8_h_tile_regr/SPB_Top_write_wait_test_zero_wait/execScript" fullname=".default_sanity_regr/Bedrock_Top_sanity_regr/SPB_Top_sanity_regr/SPB_Top_one_client_x8_h_tile_regr/SPB_Top_write_wait_test_zero_wait/execScript" result="passed" time="26" start-time="00:23:47" end-time="00:24:13">
      <output />
    </test-case>
    <test-case id="52" name="default_sanity_regr/Bedrock_Top_sanity_regr/SPB_Top_sanity_regr/SPB_Top_one_client_x8_h_tile_regr/postScript" fullname=".default_sanity_regr/Bedrock_Top_sanity_regr/SPB_Top_sanity_regr/SPB_Top_one_client_x8_h_tile_regr/postScript" result="passed" time="1" start-time="00:29:54" end-time="00:29:55">
      <output />
    </test-case>
    <test-case id="53" name="default_sanity_regr/Bedrock_Top_sanity_regr/SPB_Top_sanity_regr/SPB_Top_one_client_x16_h_tile_regr/preScript" fullname=".default_sanity_regr/Bedrock_Top_sanity_regr/SPB_Top_sanity_regr/SPB_Top_one_client_x16_h_tile_regr/preScript" result="passed" time="43" start-time="00:00:08" end-time="00:00:51">
      <output />
    </test-case>
    <test-case id="54" name="default_sanity_regr/Bedrock_Top_sanity_regr/SPB_Top_sanity_regr/SPB_Top_one_client_x16_h_tile_regr/SPB_Top_example_derived_test/execScript" fullname=".default_sanity_regr/Bedrock_Top_sanity_regr/SPB_Top_sanity_regr/SPB_Top_one_client_x16_h_tile_regr/SPB_Top_example_derived_test/execScript" result="passed" time="30" start-time="00:23:53" end-time="00:24:23">
      <output />
    </test-case>
    <test-case id="55" name="default_sanity_regr/Bedrock_Top_sanity_regr/SPB_Top_sanity_regr/SPB_Top_one_client_x16_h_tile_regr/SPB_Top_write_wait_test/execScript" fullname=".default_sanity_regr/Bedrock_Top_sanity_regr/SPB_Top_sanity_regr/SPB_Top_one_client_x16_h_tile_regr/SPB_Top_write_wait_test/execScript" result="passed" time="28" start-time="00:24:04" end-time="00:24:32">
      <output />
    </test-case>
    <test-case id="56" name="default_sanity_regr/Bedrock_Top_sanity_regr/SPB_Top_sanity_regr/SPB_Top_one_client_x16_h_tile_regr/SPB_Top_example_derived_test_zero_wait/execScript" fullname=".default_sanity_regr/Bedrock_Top_sanity_regr/SPB_Top_sanity_regr/SPB_Top_one_client_x16_h_tile_regr/SPB_Top_example_derived_test_zero_wait/execScript" result="passed" time="22" start-time="00:24:14" end-time="00:24:36">
      <output />
    </test-case>
    <test-case id="57" name="default_sanity_regr/Bedrock_Top_sanity_regr/SPB_Top_sanity_regr/SPB_Top_one_client_x16_h_tile_regr/SPB_Top_write_wait_test_zero_wait/execScript" fullname=".default_sanity_regr/Bedrock_Top_sanity_regr/SPB_Top_sanity_regr/SPB_Top_one_client_x16_h_tile_regr/SPB_Top_write_wait_test_zero_wait/execScript" result="passed" time="22" start-time="00:24:24" end-time="00:24:46">
      <output />
    </test-case>
    <test-case id="58" name="default_sanity_regr/Bedrock_Top_sanity_regr/SPB_Top_sanity_regr/SPB_Top_one_client_x16_h_tile_regr/postScript" fullname=".default_sanity_regr/Bedrock_Top_sanity_regr/SPB_Top_sanity_regr/SPB_Top_one_client_x16_h_tile_regr/postScript" result="passed" time="1" start-time="00:29:54" end-time="00:29:55">
      <output />
    </test-case>
    <test-case id="59" name="default_sanity_regr/Bedrock_Top_sanity_regr/SPB_Top_sanity_regr/postScript" fullname=".default_sanity_regr/Bedrock_Top_sanity_regr/SPB_Top_sanity_regr/postScript" result="passed" time="2" start-time="00:30:05" end-time="00:30:07">
      <output />
    </test-case>
    <test-case id="60" name="default_sanity_regr/Bedrock_Top_sanity_regr/EthStrFwdBuf_sanity_regr/EthStrFwdBuf_default_sanity_regr/preScript" fullname=".default_sanity_regr/Bedrock_Top_sanity_regr/EthStrFwdBuf_sanity_regr/EthStrFwdBuf_default_sanity_regr/preScript" result="passed" time="29" start-time="00:00:23" end-time="00:00:52">
      <output />
    </test-case>
    <test-case id="61" name="default_sanity_regr/Bedrock_Top_sanity_regr/EthStrFwdBuf_sanity_regr/EthStrFwdBuf_default_sanity_regr/EthStrFwdBuf_example_derived_test/execScript" fullname=".default_sanity_regr/Bedrock_Top_sanity_regr/EthStrFwdBuf_sanity_regr/EthStrFwdBuf_default_sanity_regr/EthStrFwdBuf_example_derived_test/execScript" result="passed" time="11" start-time="00:24:33" end-time="00:24:44">
      <output />
    </test-case>
    <test-case id="62" name="default_sanity_regr/Bedrock_Top_sanity_regr/EthStrFwdBuf_sanity_regr/EthStrFwdBuf_default_sanity_regr/EthStrFwdBuf_fast_rx_test/execScript" fullname=".default_sanity_regr/Bedrock_Top_sanity_regr/EthStrFwdBuf_sanity_regr/EthStrFwdBuf_default_sanity_regr/EthStrFwdBuf_fast_rx_test/execScript" result="passed" time="10" start-time="00:24:36" end-time="00:24:46">
      <output />
    </test-case>
    <test-case id="63" name="default_sanity_regr/Bedrock_Top_sanity_regr/EthStrFwdBuf_sanity_regr/EthStrFwdBuf_default_sanity_regr/EthStrFwdBuf_fast_tx_test/execScript" fullname=".default_sanity_regr/Bedrock_Top_sanity_regr/EthStrFwdBuf_sanity_regr/EthStrFwdBuf_default_sanity_regr/EthStrFwdBuf_fast_tx_test/execScript" result="passed" time="11" start-time="00:24:45" end-time="00:24:56">
      <output />
    </test-case>
    <test-case id="64" name="default_sanity_regr/Bedrock_Top_sanity_regr/EthStrFwdBuf_sanity_regr/EthStrFwdBuf_default_sanity_regr/EthStrFwdBuf_base_test/execScript" fullname=".default_sanity_regr/Bedrock_Top_sanity_regr/EthStrFwdBuf_sanity_regr/EthStrFwdBuf_default_sanity_regr/EthStrFwdBuf_base_test/execScript" result="passed" time="11" start-time="00:24:46" end-time="00:24:57">
      <output />
    </test-case>
    <test-case id="65" name="default_sanity_regr/Bedrock_Top_sanity_regr/EthStrFwdBuf_sanity_regr/EthStrFwdBuf_default_sanity_regr/postScript" fullname=".default_sanity_regr/Bedrock_Top_sanity_regr/EthStrFwdBuf_sanity_regr/EthStrFwdBuf_default_sanity_regr/postScript" result="passed" time="2" start-time="00:29:56" end-time="00:29:58">
      <output />
    </test-case>
    <test-case id="66" name="default_sanity_regr/Bedrock_Top_sanity_regr/EthStrFwdBuf_sanity_regr/EthStrFwdBuf_vlan_insert_sanity_regr/preScript" fullname=".default_sanity_regr/Bedrock_Top_sanity_regr/EthStrFwdBuf_sanity_regr/EthStrFwdBuf_vlan_insert_sanity_regr/preScript" result="passed" time="32" start-time="00:00:52" end-time="00:01:24">
      <output />
    </test-case>
    <test-case id="67" name="default_sanity_regr/Bedrock_Top_sanity_regr/EthStrFwdBuf_sanity_regr/EthStrFwdBuf_vlan_insert_sanity_regr/EthStrFwdBuf_vlan_rx_test/execScript" fullname=".default_sanity_regr/Bedrock_Top_sanity_regr/EthStrFwdBuf_sanity_regr/EthStrFwdBuf_vlan_insert_sanity_regr/EthStrFwdBuf_vlan_rx_test/execScript" result="passed" time="10" start-time="00:25:01" end-time="00:25:11">
      <output />
    </test-case>
    <test-case id="68" name="default_sanity_regr/Bedrock_Top_sanity_regr/EthStrFwdBuf_sanity_regr/EthStrFwdBuf_vlan_insert_sanity_regr/EthStrFwdBuf_vlan_rx_delay_test/execScript" fullname=".default_sanity_regr/Bedrock_Top_sanity_regr/EthStrFwdBuf_sanity_regr/EthStrFwdBuf_vlan_insert_sanity_regr/EthStrFwdBuf_vlan_rx_delay_test/execScript" result="passed" time="10" start-time="00:25:06" end-time="00:25:16">
      <output />
    </test-case>
    <test-case id="69" name="default_sanity_regr/Bedrock_Top_sanity_regr/EthStrFwdBuf_sanity_regr/EthStrFwdBuf_vlan_insert_sanity_regr/postScript" fullname=".default_sanity_regr/Bedrock_Top_sanity_regr/EthStrFwdBuf_sanity_regr/EthStrFwdBuf_vlan_insert_sanity_regr/postScript" result="passed" time="1" start-time="00:29:59" end-time="00:30:00">
      <output />
    </test-case>
    <test-case id="70" name="default_sanity_regr/Bedrock_Top_sanity_regr/EthStrFwdBuf_sanity_regr/EthStrFwdBuf_vlan_filter_sanity_regr/preScript" fullname=".default_sanity_regr/Bedrock_Top_sanity_regr/EthStrFwdBuf_sanity_regr/EthStrFwdBuf_vlan_filter_sanity_regr/preScript" result="passed" time="31" start-time="00:00:52" end-time="00:01:23">
      <output />
    </test-case>
    <test-case id="71" name="default_sanity_regr/Bedrock_Top_sanity_regr/EthStrFwdBuf_sanity_regr/EthStrFwdBuf_vlan_filter_sanity_regr/EthStrFwdBuf_vlan_rx_test/execScript" fullname=".default_sanity_regr/Bedrock_Top_sanity_regr/EthStrFwdBuf_sanity_regr/EthStrFwdBuf_vlan_filter_sanity_regr/EthStrFwdBuf_vlan_rx_test/execScript" result="passed" time="10" start-time="00:24:56" end-time="00:25:06">
      <output />
    </test-case>
    <test-case id="72" name="default_sanity_regr/Bedrock_Top_sanity_regr/EthStrFwdBuf_sanity_regr/EthStrFwdBuf_vlan_filter_sanity_regr/EthStrFwdBuf_vlan_rx_delay_test/execScript" fullname=".default_sanity_regr/Bedrock_Top_sanity_regr/EthStrFwdBuf_sanity_regr/EthStrFwdBuf_vlan_filter_sanity_regr/EthStrFwdBuf_vlan_rx_delay_test/execScript" result="passed" time="10" start-time="00:24:57" end-time="00:25:07">
      <output />
    </test-case>
    <test-case id="73" name="default_sanity_regr/Bedrock_Top_sanity_regr/EthStrFwdBuf_sanity_regr/EthStrFwdBuf_vlan_filter_sanity_regr/postScript" fullname=".default_sanity_regr/Bedrock_Top_sanity_regr/EthStrFwdBuf_sanity_regr/EthStrFwdBuf_vlan_filter_sanity_regr/postScript" result="passed" time="1" start-time="00:29:58" end-time="00:29:59">
      <output />
    </test-case>
    <test-case id="74" name="default_sanity_regr/Bedrock_Top_sanity_regr/NP_Shell_sanity_regr/preScript" fullname=".default_sanity_regr/Bedrock_Top_sanity_regr/NP_Shell_sanity_regr/preScript" result="passed" time="90" start-time="23:42:49" end-time="23:44:19">
      <output />
    </test-case>
    <test-case id="75" name="default_sanity_regr/Bedrock_Top_sanity_regr/NP_Shell_sanity_regr/NP_Shell_Slot_DMA_test/execScript" fullname=".default_sanity_regr/Bedrock_Top_sanity_regr/NP_Shell_sanity_regr/NP_Shell_Slot_DMA_test/execScript" result="passed" time="112" start-time="00:04:37" end-time="00:06:29">
      <output />
    </test-case>
    <test-case id="76" name="default_sanity_regr/Bedrock_Top_sanity_regr/NP_Shell_sanity_regr/NP_Shell_reset_reg_test_hip0/execScript" fullname=".default_sanity_regr/Bedrock_Top_sanity_regr/NP_Shell_sanity_regr/NP_Shell_reset_reg_test_hip0/execScript" result="passed" time="47" start-time="00:04:51" end-time="00:05:38">
      <output />
    </test-case>
    <test-case id="77" name="default_sanity_regr/Bedrock_Top_sanity_regr/NP_Shell_sanity_regr/NP_Shell_Slot_DMA_short_reg_test_hip0/execScript" fullname=".default_sanity_regr/Bedrock_Top_sanity_regr/NP_Shell_sanity_regr/NP_Shell_Slot_DMA_short_reg_test_hip0/execScript" result="passed" time="62" start-time="00:05:02" end-time="00:06:04">
      <output />
    </test-case>
    <test-case id="78" name="default_sanity_regr/Bedrock_Top_sanity_regr/NP_Shell_sanity_regr/NP_Shell_reset_reg_test_hip1/execScript" fullname=".default_sanity_regr/Bedrock_Top_sanity_regr/NP_Shell_sanity_regr/NP_Shell_reset_reg_test_hip1/execScript" result="passed" time="44" start-time="00:05:38" end-time="00:06:22">
      <output />
    </test-case>
    <test-case id="79" name="default_sanity_regr/Bedrock_Top_sanity_regr/NP_Shell_sanity_regr/NP_Shell_Slot_DMA_short_reg_test_hip1/execScript" fullname=".default_sanity_regr/Bedrock_Top_sanity_regr/NP_Shell_sanity_regr/NP_Shell_Slot_DMA_short_reg_test_hip1/execScript" result="passed" time="59" start-time="00:06:05" end-time="00:07:04">
      <output />
    </test-case>
    <test-case id="80" name="default_sanity_regr/Bedrock_Top_sanity_regr/NP_Shell_sanity_regr/postScript" fullname=".default_sanity_regr/Bedrock_Top_sanity_regr/NP_Shell_sanity_regr/postScript" result="passed" time="2" start-time="00:28:40" end-time="00:28:42">
      <output />
    </test-case>
    <test-case id="81" name="default_sanity_regr/Bedrock_Top_sanity_regr/PP_Shell_sanity_regr/preScript" fullname=".default_sanity_regr/Bedrock_Top_sanity_regr/PP_Shell_sanity_regr/preScript" result="passed" time="69" start-time="23:44:19" end-time="23:45:28">
      <output />
    </test-case>
    <test-case id="82" name="default_sanity_regr/Bedrock_Top_sanity_regr/PP_Shell_sanity_regr/PP_Shell_Slot_DMA_test/execScript" fullname=".default_sanity_regr/Bedrock_Top_sanity_regr/PP_Shell_sanity_regr/PP_Shell_Slot_DMA_test/execScript" result="passed" time="89" start-time="00:06:23" end-time="00:07:52">
      <output />
    </test-case>
    <test-case id="83" name="default_sanity_regr/Bedrock_Top_sanity_regr/PP_Shell_sanity_regr/PP_Shell_reset_reg_test_hip0/execScript" fullname=".default_sanity_regr/Bedrock_Top_sanity_regr/PP_Shell_sanity_regr/PP_Shell_reset_reg_test_hip0/execScript" result="passed" time="19" start-time="00:06:29" end-time="00:06:48">
      <output />
    </test-case>
    <test-case id="84" name="default_sanity_regr/Bedrock_Top_sanity_regr/PP_Shell_sanity_regr/PP_Shell_short_reg_test_hip1/execScript" fullname=".default_sanity_regr/Bedrock_Top_sanity_regr/PP_Shell_sanity_regr/PP_Shell_short_reg_test_hip1/execScript" result="passed" time="29" start-time="00:06:48" end-time="00:07:17">
      <output />
    </test-case>
    <test-case id="85" name="default_sanity_regr/Bedrock_Top_sanity_regr/PP_Shell_sanity_regr/PP_Shell_Slot_DMA_reset_reg_test_hip1/execScript" fullname=".default_sanity_regr/Bedrock_Top_sanity_regr/PP_Shell_sanity_regr/PP_Shell_Slot_DMA_reset_reg_test_hip1/execScript" result="passed" time="23" start-time="00:07:04" end-time="00:07:27">
      <output />
    </test-case>
    <test-case id="86" name="default_sanity_regr/Bedrock_Top_sanity_regr/PP_Shell_sanity_regr/PP_Shell_Slot_DMA_short_reg_test_hip0/execScript" fullname=".default_sanity_regr/Bedrock_Top_sanity_regr/PP_Shell_sanity_regr/PP_Shell_Slot_DMA_short_reg_test_hip0/execScript" result="passed" time="17" start-time="00:07:17" end-time="00:07:34">
      <output />
    </test-case>
    <test-case id="87" name="default_sanity_regr/Bedrock_Top_sanity_regr/PP_Shell_sanity_regr/postScript" fullname=".default_sanity_regr/Bedrock_Top_sanity_regr/PP_Shell_sanity_regr/postScript" result="passed" time="3" start-time="00:28:43" end-time="00:28:46">
      <output />
    </test-case>
    <test-case id="88" name="default_sanity_regr/Bedrock_Top_sanity_regr/SP_Shell_sanity_regr/preScript" fullname=".default_sanity_regr/Bedrock_Top_sanity_regr/SP_Shell_sanity_regr/preScript" result="passed" time="794" start-time="23:45:29" end-time="23:58:43">
      <output />
    </test-case>
    <test-case id="89" name="default_sanity_regr/Bedrock_Top_sanity_regr/SP_Shell_sanity_regr/SP_Shell_fast_background_traffic_test/execScript" fullname=".default_sanity_regr/Bedrock_Top_sanity_regr/SP_Shell_sanity_regr/SP_Shell_fast_background_traffic_test/execScript" result="passed" time="80" start-time="00:13:48" end-time="00:15:08">
      <output />
    </test-case>
    <test-case id="90" name="default_sanity_regr/Bedrock_Top_sanity_regr/SP_Shell_sanity_regr/SP_Shell_reset_reg_test_hip0/execScript" fullname=".default_sanity_regr/Bedrock_Top_sanity_regr/SP_Shell_sanity_regr/SP_Shell_reset_reg_test_hip0/execScript" result="passed" time="36" start-time="00:13:50" end-time="00:14:26">
      <output />
    </test-case>
    <test-case id="91" name="default_sanity_regr/Bedrock_Top_sanity_regr/SP_Shell_sanity_regr/SP_Shell_short_reg_test_hip0/execScript" fullname=".default_sanity_regr/Bedrock_Top_sanity_regr/SP_Shell_sanity_regr/SP_Shell_short_reg_test_hip0/execScript" result="passed" time="89" start-time="00:14:07" end-time="00:15:36">
      <output />
    </test-case>
    <test-case id="92" name="default_sanity_regr/Bedrock_Top_sanity_regr/SP_Shell_sanity_regr/SP_Shell_Slot_DMA_test/execScript" fullname=".default_sanity_regr/Bedrock_Top_sanity_regr/SP_Shell_sanity_regr/SP_Shell_Slot_DMA_test/execScript" result="passed" time="104" start-time="00:14:26" end-time="00:16:10">
      <output />
    </test-case>
    <test-case id="93" name="default_sanity_regr/Bedrock_Top_sanity_regr/SP_Shell_sanity_regr/SP_Shell_Slot_DMA_reset_reg_test_hip0/execScript" fullname=".default_sanity_regr/Bedrock_Top_sanity_regr/SP_Shell_sanity_regr/SP_Shell_Slot_DMA_reset_reg_test_hip0/execScript" result="passed" time="51" start-time="00:15:09" end-time="00:16:00">
      <output />
    </test-case>
    <test-case id="94" name="default_sanity_regr/Bedrock_Top_sanity_regr/SP_Shell_sanity_regr/SP_Shell_Slot_DMA_short_reg_test_hip0/execScript" fullname=".default_sanity_regr/Bedrock_Top_sanity_regr/SP_Shell_sanity_regr/SP_Shell_Slot_DMA_short_reg_test_hip0/execScript" result="passed" time="192" start-time="00:15:23" end-time="00:18:35">
      <output />
    </test-case>
    <test-case id="95" name="default_sanity_regr/Bedrock_Top_sanity_regr/SP_Shell_sanity_regr/postScript" fullname=".default_sanity_regr/Bedrock_Top_sanity_regr/SP_Shell_sanity_regr/postScript" result="passed" time="3" start-time="00:29:45" end-time="00:29:48">
      <output />
    </test-case>
    <test-case id="96" name="default_sanity_regr/Bedrock_Top_sanity_regr/CP_Shell_sanity_regr/preScript" fullname=".default_sanity_regr/Bedrock_Top_sanity_regr/CP_Shell_sanity_regr/preScript" result="passed" time="949" start-time="23:55:29" end-time="00:11:18">
      <output />
    </test-case>
    <test-case id="97" name="default_sanity_regr/Bedrock_Top_sanity_regr/CP_Shell_sanity_regr/CP_Shell_Slot_DMA_small_test/execScript" fullname=".default_sanity_regr/Bedrock_Top_sanity_regr/CP_Shell_sanity_regr/CP_Shell_Slot_DMA_small_test/execScript" result="passed" time="28" start-time="00:28:47" end-time="00:29:15">
      <output />
    </test-case>
    <test-case id="98" name="default_sanity_regr/Bedrock_Top_sanity_regr/CP_Shell_sanity_regr/CP_Shell_Slot_DMA_test/execScript" fullname=".default_sanity_regr/Bedrock_Top_sanity_regr/CP_Shell_sanity_regr/CP_Shell_Slot_DMA_test/execScript" result="passed" time="130" start-time="00:28:47" end-time="00:30:57">
      <output />
    </test-case>
    <test-case id="99" name="default_sanity_regr/Bedrock_Top_sanity_regr/CP_Shell_sanity_regr/CP_Shell_reset_reg_test_hip0/execScript" fullname=".default_sanity_regr/Bedrock_Top_sanity_regr/CP_Shell_sanity_regr/CP_Shell_reset_reg_test_hip0/execScript" result="passed" time="27" start-time="00:29:10" end-time="00:29:37">
      <output />
    </test-case>
    <test-case id="100" name="default_sanity_regr/Bedrock_Top_sanity_regr/CP_Shell_sanity_regr/CP_Shell_short_reg_test_hip1/execScript" fullname=".default_sanity_regr/Bedrock_Top_sanity_regr/CP_Shell_sanity_regr/CP_Shell_short_reg_test_hip1/execScript" result="passed" time="34" start-time="00:29:10" end-time="00:29:44">
      <output />
    </test-case>
    <test-case id="101" name="default_sanity_regr/Bedrock_Top_sanity_regr/CP_Shell_sanity_regr/CP_Shell_Slot_DMA_reset_reg_test_hip1/execScript" fullname=".default_sanity_regr/Bedrock_Top_sanity_regr/CP_Shell_sanity_regr/CP_Shell_Slot_DMA_reset_reg_test_hip1/execScript" result="passed" time="26" start-time="00:29:15" end-time="00:29:41">
      <output />
    </test-case>
    <test-case id="102" name="default_sanity_regr/Bedrock_Top_sanity_regr/CP_Shell_sanity_regr/CP_Shell_Slot_DMA_short_reg_test_hip0/execScript" fullname=".default_sanity_regr/Bedrock_Top_sanity_regr/CP_Shell_sanity_regr/CP_Shell_Slot_DMA_short_reg_test_hip0/execScript" result="passed" time="26" start-time="00:29:38" end-time="00:30:04">
      <output />
    </test-case>
    <test-case id="103" name="default_sanity_regr/Bedrock_Top_sanity_regr/CP_Shell_sanity_regr/postScript" fullname=".default_sanity_regr/Bedrock_Top_sanity_regr/CP_Shell_sanity_regr/postScript" result="passed" time="1" start-time="00:31:32" end-time="00:31:33">
      <output />
    </test-case>
    <test-case id="104" name="default_sanity_regr/Bedrock_Top_sanity_regr/LP_Shell_sanity_regr/preScript" fullname=".default_sanity_regr/Bedrock_Top_sanity_regr/LP_Shell_sanity_regr/preScript" result="passed" time="110" start-time="23:56:12" end-time="23:58:02">
      <output />
    </test-case>
    <test-case id="105" name="default_sanity_regr/Bedrock_Top_sanity_regr/LP_Shell_sanity_regr/LP_Shell_Slot_DMA_test/execScript" fullname=".default_sanity_regr/Bedrock_Top_sanity_regr/LP_Shell_sanity_regr/LP_Shell_Slot_DMA_test/execScript" result="passed" time="143" start-time="00:11:19" end-time="00:13:42">
      <output />
    </test-case>
    <test-case id="106" name="default_sanity_regr/Bedrock_Top_sanity_regr/LP_Shell_sanity_regr/LP_Shell_312_11_sim_debug_test/execScript" fullname=".default_sanity_regr/Bedrock_Top_sanity_regr/LP_Shell_sanity_regr/LP_Shell_312_11_sim_debug_test/execScript" result="passed" time="145" start-time="00:11:42" end-time="00:14:07">
      <output />
    </test-case>
    <test-case id="107" name="default_sanity_regr/Bedrock_Top_sanity_regr/LP_Shell_sanity_regr/LP_Shell_reset_reg_test_hip0/execScript" fullname=".default_sanity_regr/Bedrock_Top_sanity_regr/LP_Shell_sanity_regr/LP_Shell_reset_reg_test_hip0/execScript" result="passed" time="52" start-time="00:11:50" end-time="00:12:42">
      <output />
    </test-case>
    <test-case id="108" name="default_sanity_regr/Bedrock_Top_sanity_regr/LP_Shell_sanity_regr/LP_Shell_Slot_DMA_short_reg_test_hip0/execScript" fullname=".default_sanity_regr/Bedrock_Top_sanity_regr/LP_Shell_sanity_regr/LP_Shell_Slot_DMA_short_reg_test_hip0/execScript" result="passed" time="89" start-time="00:12:21" end-time="00:13:50">
      <output />
    </test-case>
    <test-case id="109" name="default_sanity_regr/Bedrock_Top_sanity_regr/LP_Shell_sanity_regr/LP_Shell_reset_reg_test_hip1/execScript" fullname=".default_sanity_regr/Bedrock_Top_sanity_regr/LP_Shell_sanity_regr/LP_Shell_reset_reg_test_hip1/execScript" result="passed" time="65" start-time="00:12:43" end-time="00:13:48">
      <output />
    </test-case>
    <test-case id="110" name="default_sanity_regr/Bedrock_Top_sanity_regr/LP_Shell_sanity_regr/LP_Shell_Slot_DMA_short_reg_test_hip1/execScript" fullname=".default_sanity_regr/Bedrock_Top_sanity_regr/LP_Shell_sanity_regr/LP_Shell_Slot_DMA_short_reg_test_hip1/execScript" result="passed" time="100" start-time="00:13:43" end-time="00:15:23">
      <output />
    </test-case>
    <test-case id="111" name="default_sanity_regr/Bedrock_Top_sanity_regr/LP_Shell_sanity_regr/postScript" fullname=".default_sanity_regr/Bedrock_Top_sanity_regr/LP_Shell_sanity_regr/postScript" result="passed" time="2" start-time="00:29:44" end-time="00:29:46">
      <output />
    </test-case>
    <test-case id="112" name="default_sanity_regr/Bedrock_Top_sanity_regr/LP_CatapultNetwork_sanity_regr/LP_CatapultNetwork_sanity_bypass_regr/preScript" fullname=".default_sanity_regr/Bedrock_Top_sanity_regr/LP_CatapultNetwork_sanity_regr/LP_CatapultNetwork_sanity_bypass_regr/preScript" result="passed" time="31" start-time="00:01:19" end-time="00:01:50">
      <output />
    </test-case>
    <test-case id="113" name="default_sanity_regr/Bedrock_Top_sanity_regr/LP_CatapultNetwork_sanity_regr/LP_CatapultNetwork_sanity_bypass_regr/LP_CatapultNetwork_force_passthru_test/execScript" fullname=".default_sanity_regr/Bedrock_Top_sanity_regr/LP_CatapultNetwork_sanity_regr/LP_CatapultNetwork_sanity_bypass_regr/LP_CatapultNetwork_force_passthru_test/execScript" result="passed" time="74" start-time="00:25:07" end-time="00:26:21">
      <output />
    </test-case>
    <test-case id="114" name="default_sanity_regr/Bedrock_Top_sanity_regr/LP_CatapultNetwork_sanity_regr/LP_CatapultNetwork_sanity_bypass_regr/LP_CatapultNetwork_no_drop_test/execScript" fullname=".default_sanity_regr/Bedrock_Top_sanity_regr/LP_CatapultNetwork_sanity_regr/LP_CatapultNetwork_sanity_bypass_regr/LP_CatapultNetwork_no_drop_test/execScript" result="passed" time="125" start-time="00:25:11" end-time="00:27:16">
      <output />
    </test-case>
    <test-case id="115" name="default_sanity_regr/Bedrock_Top_sanity_regr/LP_CatapultNetwork_sanity_regr/LP_CatapultNetwork_sanity_bypass_regr/LP_CatapultNetwork_with_drop_test/execScript" fullname=".default_sanity_regr/Bedrock_Top_sanity_regr/LP_CatapultNetwork_sanity_regr/LP_CatapultNetwork_sanity_bypass_regr/LP_CatapultNetwork_with_drop_test/execScript" result="passed" time="125" start-time="00:25:14" end-time="00:27:19">
      <output />
    </test-case>
    <test-case id="116" name="default_sanity_regr/Bedrock_Top_sanity_regr/LP_CatapultNetwork_sanity_regr/LP_CatapultNetwork_sanity_bypass_regr/postScript" fullname=".default_sanity_regr/Bedrock_Top_sanity_regr/LP_CatapultNetwork_sanity_regr/LP_CatapultNetwork_sanity_bypass_regr/postScript" result="passed" time="1" start-time="00:30:01" end-time="00:30:02">
      <output />
    </test-case>
    <test-case id="117" name="default_sanity_regr/Bedrock_Top_sanity_regr/LP_CatapultNetwork_sanity_regr/LP_CatapultNetwork_sanity_passthru_regr/preScript" fullname=".default_sanity_regr/Bedrock_Top_sanity_regr/LP_CatapultNetwork_sanity_regr/LP_CatapultNetwork_sanity_passthru_regr/preScript" result="passed" time="32" start-time="00:01:24" end-time="00:01:56">
      <output />
    </test-case>
    <test-case id="118" name="default_sanity_regr/Bedrock_Top_sanity_regr/LP_CatapultNetwork_sanity_regr/LP_CatapultNetwork_sanity_passthru_regr/LP_CatapultNetwork_force_passthru_test/execScript" fullname=".default_sanity_regr/Bedrock_Top_sanity_regr/LP_CatapultNetwork_sanity_regr/LP_CatapultNetwork_sanity_passthru_regr/LP_CatapultNetwork_force_passthru_test/execScript" result="passed" time="73" start-time="00:25:17" end-time="00:26:30">
      <output />
    </test-case>
    <test-case id="119" name="default_sanity_regr/Bedrock_Top_sanity_regr/LP_CatapultNetwork_sanity_regr/LP_CatapultNetwork_sanity_passthru_regr/LP_CatapultNetwork_no_drop_test/execScript" fullname=".default_sanity_regr/Bedrock_Top_sanity_regr/LP_CatapultNetwork_sanity_regr/LP_CatapultNetwork_sanity_passthru_regr/LP_CatapultNetwork_no_drop_test/execScript" result="passed" time="68" start-time="00:26:21" end-time="00:27:29">
      <output />
    </test-case>
    <test-case id="120" name="default_sanity_regr/Bedrock_Top_sanity_regr/LP_CatapultNetwork_sanity_regr/LP_CatapultNetwork_sanity_passthru_regr/LP_CatapultNetwork_with_drop_test/execScript" fullname=".default_sanity_regr/Bedrock_Top_sanity_regr/LP_CatapultNetwork_sanity_regr/LP_CatapultNetwork_sanity_passthru_regr/LP_CatapultNetwork_with_drop_test/execScript" result="passed" time="67" start-time="00:26:31" end-time="00:27:38">
      <output />
    </test-case>
    <test-case id="121" name="default_sanity_regr/Bedrock_Top_sanity_regr/LP_CatapultNetwork_sanity_regr/LP_CatapultNetwork_sanity_passthru_regr/postScript" fullname=".default_sanity_regr/Bedrock_Top_sanity_regr/LP_CatapultNetwork_sanity_regr/LP_CatapultNetwork_sanity_passthru_regr/postScript" result="passed" time="2" start-time="00:30:02" end-time="00:30:04">
      <output />
    </test-case>
    <test-case id="122" name="default_sanity_regr/Bedrock_Top_sanity_regr/LP_CatapultNetwork_sanity_regr/LP_CatapultNetwork_sanity_nic_tor_only_regr/preScript" fullname=".default_sanity_regr/Bedrock_Top_sanity_regr/LP_CatapultNetwork_sanity_regr/LP_CatapultNetwork_sanity_nic_tor_only_regr/preScript" result="passed" time="33" start-time="00:01:25" end-time="00:01:58">
      <output />
    </test-case>
    <test-case id="123" name="default_sanity_regr/Bedrock_Top_sanity_regr/LP_CatapultNetwork_sanity_regr/LP_CatapultNetwork_sanity_nic_tor_only_regr/LP_CatapultNetwork_no_drop_test/execScript" fullname=".default_sanity_regr/Bedrock_Top_sanity_regr/LP_CatapultNetwork_sanity_regr/LP_CatapultNetwork_sanity_nic_tor_only_regr/LP_CatapultNetwork_no_drop_test/execScript" result="passed" time="113" start-time="00:27:16" end-time="00:29:09">
      <output />
    </test-case>
    <test-case id="124" name="default_sanity_regr/Bedrock_Top_sanity_regr/LP_CatapultNetwork_sanity_regr/LP_CatapultNetwork_sanity_nic_tor_only_regr/LP_CatapultNetwork_with_drop_test/execScript" fullname=".default_sanity_regr/Bedrock_Top_sanity_regr/LP_CatapultNetwork_sanity_regr/LP_CatapultNetwork_sanity_nic_tor_only_regr/LP_CatapultNetwork_with_drop_test/execScript" result="passed" time="109" start-time="00:27:20" end-time="00:29:09">
      <output />
    </test-case>
    <test-case id="125" name="default_sanity_regr/Bedrock_Top_sanity_regr/LP_CatapultNetwork_sanity_regr/LP_CatapultNetwork_sanity_nic_tor_only_regr/postScript" fullname=".default_sanity_regr/Bedrock_Top_sanity_regr/LP_CatapultNetwork_sanity_regr/LP_CatapultNetwork_sanity_nic_tor_only_regr/postScript" result="passed" time="2" start-time="00:30:04" end-time="00:30:06">
      <output />
    </test-case>
    <test-case id="126" name="default_sanity_regr/Bedrock_Top_sanity_regr/LP_CatapultNetwork_sanity_regr/LP_CatapultNetwork_sanity_nic_tor_lpbk_regr/preScript" fullname=".default_sanity_regr/Bedrock_Top_sanity_regr/LP_CatapultNetwork_sanity_regr/LP_CatapultNetwork_sanity_nic_tor_lpbk_regr/preScript" result="passed" time="34" start-time="00:01:51" end-time="00:02:25">
      <output />
    </test-case>
    <test-case id="127" name="default_sanity_regr/Bedrock_Top_sanity_regr/LP_CatapultNetwork_sanity_regr/LP_CatapultNetwork_sanity_nic_tor_lpbk_regr/LP_CatapultNetwork_no_drop_test/execScript" fullname=".default_sanity_regr/Bedrock_Top_sanity_regr/LP_CatapultNetwork_sanity_regr/LP_CatapultNetwork_sanity_nic_tor_lpbk_regr/LP_CatapultNetwork_no_drop_test/execScript" result="passed" time="64" start-time="00:27:30" end-time="00:28:34">
      <output />
    </test-case>
    <test-case id="128" name="default_sanity_regr/Bedrock_Top_sanity_regr/LP_CatapultNetwork_sanity_regr/LP_CatapultNetwork_sanity_nic_tor_lpbk_regr/LP_CatapultNetwork_with_drop_test/execScript" fullname=".default_sanity_regr/Bedrock_Top_sanity_regr/LP_CatapultNetwork_sanity_regr/LP_CatapultNetwork_sanity_nic_tor_lpbk_regr/LP_CatapultNetwork_with_drop_test/execScript" result="passed" time="65" start-time="00:27:39" end-time="00:28:44">
      <output />
    </test-case>
    <test-case id="129" name="default_sanity_regr/Bedrock_Top_sanity_regr/LP_CatapultNetwork_sanity_regr/LP_CatapultNetwork_sanity_nic_tor_lpbk_regr/postScript" fullname=".default_sanity_regr/Bedrock_Top_sanity_regr/LP_CatapultNetwork_sanity_regr/LP_CatapultNetwork_sanity_nic_tor_lpbk_regr/postScript" result="passed" time="2" start-time="00:30:03" end-time="00:30:05">
      <output />
    </test-case>
    <test-case id="130" name="default_sanity_regr/Bedrock_Top_sanity_regr/CP_Netswitch_sanity_regr/preScript" fullname=".default_sanity_regr/Bedrock_Top_sanity_regr/CP_Netswitch_sanity_regr/preScript" result="passed" time="60" start-time="23:58:03" end-time="23:59:03">
      <output />
    </test-case>
    <test-case id="131" name="default_sanity_regr/Bedrock_Top_sanity_regr/CP_Netswitch_sanity_regr/CP_Netswitch_base_test/execScript" fullname=".default_sanity_regr/Bedrock_Top_sanity_regr/CP_Netswitch_sanity_regr/CP_Netswitch_base_test/execScript" result="passed" time="12" start-time="00:15:36" end-time="00:15:48">
      <output />
    </test-case>
    <test-case id="132" name="default_sanity_regr/Bedrock_Top_sanity_regr/CP_Netswitch_sanity_regr/CP_Netswitch_example_derived_test/execScript" fullname=".default_sanity_regr/Bedrock_Top_sanity_regr/CP_Netswitch_sanity_regr/CP_Netswitch_example_derived_test/execScript" result="passed" time="26" start-time="00:15:48" end-time="00:16:14">
      <output />
    </test-case>
    <test-case id="133" name="default_sanity_regr/Bedrock_Top_sanity_regr/CP_Netswitch_sanity_regr/CP_Netswitch_traffic_test/execScript" fullname=".default_sanity_regr/Bedrock_Top_sanity_regr/CP_Netswitch_sanity_regr/CP_Netswitch_traffic_test/execScript" result="passed" time="224" start-time="00:16:01" end-time="00:19:45">
      <output />
    </test-case>
    <test-case id="134" name="default_sanity_regr/Bedrock_Top_sanity_regr/CP_Netswitch_sanity_regr/CP_Netswitch_err_inj_traffic_test/execScript" fullname=".default_sanity_regr/Bedrock_Top_sanity_regr/CP_Netswitch_sanity_regr/CP_Netswitch_err_inj_traffic_test/execScript" result="passed" time="207" start-time="00:16:10" end-time="00:19:37">
      <output />
    </test-case>
    <test-case id="135" name="default_sanity_regr/Bedrock_Top_sanity_regr/CP_Netswitch_sanity_regr/postScript" fullname=".default_sanity_regr/Bedrock_Top_sanity_regr/CP_Netswitch_sanity_regr/postScript" result="passed" time="2" start-time="00:29:47" end-time="00:29:49">
      <output />
    </test-case>
  </test-suite>
</test-run>