<?xml version="1.0" encoding="utf-8"?>
<TestRun id="4a9ce63b-9db9-4518-a90a-c601ac786e39" name="anupadh@ANAND-FE 2021-09-28 15:45:17" runUser="FAREAST\anupadh" xmlns="http://microsoft.com/schemas/VisualStudio/TeamTest/2010">
  <Times creation="2021-09-28T15:45:17.5530819+05:30" queuing="2021-09-28T15:45:17.5530819+05:30" start="2021-09-28T15:45:13.3937391+05:30" finish="2021-09-28T15:45:18.1762629+05:30" />
  <TestSettings name="default" id="bc4ddd0e-11c5-41a6-9ace-c2d5f38d1caa">
    <Deployment runDeploymentRoot="anupadh_ANAND-FE_2021-09-28_15_45_17" />
  </TestSettings>
  <Results>
    <UnitTestResult executionId="3166bec3-95cd-4c7f-90bd-02a95cbfd8fe" testId="1c7ece84-d949-bed1-0a4c-dfad4f9c953e" testName="CodedUITestMethod2" computerName="ANAND-FE" duration="00:00:00.0217593" startTime="2021-09-28T15:45:17.4940827+05:30" endTime="2021-09-28T15:45:17.5200984+05:30" testType="13cdc9d9-ddb5-4fa4-a97d-d965ccfc6d4b" outcome="Passed" testListId="8c84fa94-04c1-424b-9868-57a2d4851a1d" relativeResultsDirectory="3166bec3-95cd-4c7f-90bd-02a95cbfd8fe" />
    <UnitTestResult executionId="188112f9-1c5b-4fea-98fa-33c652d50beb" testId="e8958003-62fd-456d-e066-a3d3c35b8f54" testName="CodedUITestMethod3" computerName="ANAND-FE" duration="00:00:00.0206018" startTime="2021-09-28T15:45:17.5210817+05:30" endTime="2021-09-28T15:45:17.5450815+05:30" testType="13cdc9d9-ddb5-4fa4-a97d-d965ccfc6d4b" outcome="Passed" testListId="8c84fa94-04c1-424b-9868-57a2d4851a1d" relativeResultsDirectory="188112f9-1c5b-4fea-98fa-33c652d50beb" />
    <UnitTestResult executionId="66cdcbb1-c938-4895-a4e2-70b918013519" testId="cd1b57c7-5651-6908-fe6a-54475b365815" testName="CodedUITestMethod4" computerName="ANAND-FE" duration="00:00:00.1958248" startTime="2021-09-28T15:45:17.5470841+05:30" endTime="2021-09-28T15:45:17.7460806+05:30" testType="13cdc9d9-ddb5-4fa4-a97d-d965ccfc6d4b" outcome="Passed" testListId="8c84fa94-04c1-424b-9868-57a2d4851a1d" relativeResultsDirectory="66cdcbb1-c938-4895-a4e2-70b918013519" resultType="DataDrivenTest">
      <InnerResults>
        <UnitTestResult executionId="5059f094-499a-4bc5-b688-55531429a7e0" parentExecutionId="66cdcbb1-c938-4895-a4e2-70b918013519" testId="cd1b57c7-5651-6908-fe6a-54475b365815" testName="CodedUITestMethod4 (Data Row 0)" computerName="ANAND-FE" duration="00:00:00.0208643" startTime="2021-09-28T10:15:17.7020816+05:30" endTime="2021-09-28T10:15:17.7230841+05:30" testType="13cdc9d9-ddb5-4fa4-a97d-d965ccfc6d4b" outcome="Passed" testListId="8c84fa94-04c1-424b-9868-57a2d4851a1d" relativeResultsDirectory="5059f094-499a-4bc5-b688-55531429a7e0" dataRowInfo="1" resultType="DataDrivenDataRow" />
        <UnitTestResult executionId="93d783ea-62c0-4a36-a140-51388635e2e2" parentExecutionId="66cdcbb1-c938-4895-a4e2-70b918013519" testId="cd1b57c7-5651-6908-fe6a-54475b365815" testName="CodedUITestMethod4 (Data Row 1)" computerName="ANAND-FE" duration="00:00:00.0117960" startTime="2021-09-28T10:15:17.7230841+05:30" endTime="2021-09-28T10:15:17.7350823+05:30" testType="13cdc9d9-ddb5-4fa4-a97d-d965ccfc6d4b" outcome="Passed" testListId="8c84fa94-04c1-424b-9868-57a2d4851a1d" relativeResultsDirectory="93d783ea-62c0-4a36-a140-51388635e2e2" dataRowInfo="2" resultType="DataDrivenDataRow" />
        <UnitTestResult executionId="473da0e3-809d-4aa9-a806-da603d4cc78c" parentExecutionId="66cdcbb1-c938-4895-a4e2-70b918013519" testId="cd1b57c7-5651-6908-fe6a-54475b365815" testName="CodedUITestMethod4 (Data Row 2)" computerName="ANAND-FE" duration="00:00:00.0101388" startTime="2021-09-28T10:15:17.7350823+05:30" endTime="2021-09-28T10:15:17.7450856+05:30" testType="13cdc9d9-ddb5-4fa4-a97d-d965ccfc6d4b" outcome="Passed" testListId="8c84fa94-04c1-424b-9868-57a2d4851a1d" relativeResultsDirectory="473da0e3-809d-4aa9-a806-da603d4cc78c" dataRowInfo="3" resultType="DataDrivenDataRow" />
      </InnerResults>
    </UnitTestResult>
    <UnitTestResult executionId="cf4e10ab-89ad-4d59-8afb-5dc8a93ac377" testId="fd846020-c6f8-3c49-3ed0-fbe1e1fd340b" testName="CodedUITestMethod1" computerName="ANAND-FE" duration="00:00:00.7122921" startTime="2021-09-28T15:45:15.9410447+05:30" endTime="2021-09-28T15:45:17.4930846+05:30" testType="13cdc9d9-ddb5-4fa4-a97d-d965ccfc6d4b" outcome="Passed" testListId="8c84fa94-04c1-424b-9868-57a2d4851a1d" relativeResultsDirectory="cf4e10ab-89ad-4d59-8afb-5dc8a93ac377" resultType="DataDrivenTest">
      <InnerResults>
        <UnitTestResult executionId="1acbb2ee-d00c-4021-b0d7-130a1b797d2a" parentExecutionId="cf4e10ab-89ad-4d59-8afb-5dc8a93ac377" testId="fd846020-c6f8-3c49-3ed0-fbe1e1fd340b" testName="CodedUITestMethod1 (Data Row 0)" computerName="ANAND-FE" duration="00:00:00.3317887" startTime="2021-09-28T10:15:17.1058396+05:30" endTime="2021-09-28T10:15:17.4410851+05:30" testType="13cdc9d9-ddb5-4fa4-a97d-d965ccfc6d4b" outcome="Passed" testListId="8c84fa94-04c1-424b-9868-57a2d4851a1d" relativeResultsDirectory="1acbb2ee-d00c-4021-b0d7-130a1b797d2a" dataRowInfo="1" resultType="DataDrivenDataRow" />
        <UnitTestResult executionId="627663c8-19a6-4bc3-bdad-48fcb2eea9a2" parentExecutionId="cf4e10ab-89ad-4d59-8afb-5dc8a93ac377" testId="fd846020-c6f8-3c49-3ed0-fbe1e1fd340b" testName="CodedUITestMethod1 (Data Row 1)" computerName="ANAND-FE" duration="00:00:00.0198996" startTime="2021-09-28T10:15:17.4410851+05:30" endTime="2021-09-28T10:15:17.4610835+05:30" testType="13cdc9d9-ddb5-4fa4-a97d-d965ccfc6d4b" outcome="Passed" testListId="8c84fa94-04c1-424b-9868-57a2d4851a1d" relativeResultsDirectory="627663c8-19a6-4bc3-bdad-48fcb2eea9a2" dataRowInfo="2" resultType="DataDrivenDataRow" />
        <UnitTestResult executionId="4f93ad40-dfdb-419f-8ad2-22b5179edbc7" parentExecutionId="cf4e10ab-89ad-4d59-8afb-5dc8a93ac377" testId="fd846020-c6f8-3c49-3ed0-fbe1e1fd340b" testName="CodedUITestMethod1 (Data Row 2)" computerName="ANAND-FE" duration="00:00:00.0149412" startTime="2021-09-28T10:15:17.4610835+05:30" endTime="2021-09-28T10:15:17.4760796+05:30" testType="13cdc9d9-ddb5-4fa4-a97d-d965ccfc6d4b" outcome="Passed" testListId="8c84fa94-04c1-424b-9868-57a2d4851a1d" relativeResultsDirectory="4f93ad40-dfdb-419f-8ad2-22b5179edbc7" dataRowInfo="3" resultType="DataDrivenDataRow" />
      </InnerResults>
    </UnitTestResult>
  </Results>
  <TestDefinitions>
    <UnitTest name="CodedUITestMethod2" storage="d:\navbsamples\hierarchialtest\hierarchialtest\codeduitestproject17\bin\debug\codeduitestproject17.dll" priority="1" id="1c7ece84-d949-bed1-0a4c-dfad4f9c953e">
      <Execution id="3166bec3-95cd-4c7f-90bd-02a95cbfd8fe" />
      <TestMethod codeBase="D:\navbsamples\HierarchialTest\HierarchialTest\CodedUITestProject17\bin\Debug\CodedUITestProject17.dll" adapterTypeName="executor://mstestadapter/v1" className="CodedUITestProject17.CodedUITest1" name="CodedUITestMethod2" />
    </UnitTest>
    <UnitTest name="CodedUITestMethod4" storage="d:\navbsamples\hierarchialtest\hierarchialtest\codeduitestproject17\bin\debug\codeduitestproject17.dll" id="cd1b57c7-5651-6908-fe6a-54475b365815">
      <Owners>
        <Owner name="abhishek" />
      </Owners>
      <Execution id="66cdcbb1-c938-4895-a4e2-70b918013519" />
      <TestMethod codeBase="D:\navbsamples\HierarchialTest\HierarchialTest\CodedUITestProject17\bin\Debug\CodedUITestProject17.dll" adapterTypeName="executor://mstestadapter/v1" className="CodedUITestProject17.CodedUITest1" name="CodedUITestMethod4" />
    </UnitTest>
    <UnitTest name="CodedUITestMethod3" storage="d:\navbsamples\hierarchialtest\hierarchialtest\codeduitestproject17\bin\debug\codeduitestproject17.dll" priority="2" id="e8958003-62fd-456d-e066-a3d3c35b8f54">
      <Owners>
        <Owner name="abhishek" />
      </Owners>
      <TestCategory>
        <TestCategoryItem TestCategory="Maths" />
      </TestCategory>
      <Execution id="188112f9-1c5b-4fea-98fa-33c652d50beb" />
      <TestMethod codeBase="D:\navbsamples\HierarchialTest\HierarchialTest\CodedUITestProject17\bin\Debug\CodedUITestProject17.dll" adapterTypeName="executor://mstestadapter/v1" className="CodedUITestProject17.CodedUITest1" name="CodedUITestMethod3" />
    </UnitTest>
    <UnitTest name="CodedUITestMethod1" storage="d:\navbsamples\hierarchialtest\hierarchialtest\codeduitestproject17\bin\debug\codeduitestproject17.dll" id="fd846020-c6f8-3c49-3ed0-fbe1e1fd340b">
      <Execution id="cf4e10ab-89ad-4d59-8afb-5dc8a93ac377" />
      <TestMethod codeBase="D:\navbsamples\HierarchialTest\HierarchialTest\CodedUITestProject17\bin\Debug\CodedUITestProject17.dll" adapterTypeName="executor://mstestadapter/v1" className="CodedUITestProject17.CodedUITest1" name="CodedUITestMethod1" />
    </UnitTest>
  </TestDefinitions>
  <TestEntries>
    <TestEntry testId="1c7ece84-d949-bed1-0a4c-dfad4f9c953e" executionId="3166bec3-95cd-4c7f-90bd-02a95cbfd8fe" testListId="8c84fa94-04c1-424b-9868-57a2d4851a1d" />
    <TestEntry testId="e8958003-62fd-456d-e066-a3d3c35b8f54" executionId="188112f9-1c5b-4fea-98fa-33c652d50beb" testListId="8c84fa94-04c1-424b-9868-57a2d4851a1d" />
    <TestEntry testId="cd1b57c7-5651-6908-fe6a-54475b365815" executionId="66cdcbb1-c938-4895-a4e2-70b918013519" testListId="8c84fa94-04c1-424b-9868-57a2d4851a1d" />
    <TestEntry testId="fd846020-c6f8-3c49-3ed0-fbe1e1fd340b" executionId="cf4e10ab-89ad-4d59-8afb-5dc8a93ac377" testListId="8c84fa94-04c1-424b-9868-57a2d4851a1d" />
  </TestEntries>
  <TestLists>
    <TestList name="Results Not in a List" id="8c84fa94-04c1-424b-9868-57a2d4851a1d" />
    <TestList name="All Loaded Results" id="19431567-8539-422a-85d7-44ee4e166bda" />
  </TestLists>
  <ResultSummary outcome="Completed">
    <Counters total="10" executed="10" passed="10" failed="0" error="0" timeout="0" aborted="0" inconclusive="0" passedButRunAborted="0" notRunnable="0" notExecuted="0" disconnected="0" warning="0" completed="0" inProgress="0" pending="0" />
  </ResultSummary>
</TestRun>